<?xml version="1.0" encoding="UTF-8"?>
<testsuite xmlns:xsi="http://www.w3.org/2001/XMLSchema-instance" xsi:noNamespaceSchemaLocation="https://maven.apache.org/surefire/maven-surefire-plugin/xsd/surefire-test-report-3.0.xsd" version="3.0" name="com.mycompany.api.UserApiPutTests" time="0.712" tests="1" errors="0" skipped="0" failures="1">
  <properties>
[...]
</properties>
  <testcase name="testPutExistingUserJob" classname="com.mycompany.api.UserApiPutTests" time="0.709">
    <failure message="1 expectation failed.&#10;Expected status code &lt;200&gt; but was &lt;404&gt;.&#10;" type="java.lang.AssertionError"><![CDATA[java.lang.AssertionError: 
1 expectation failed.
Expected status code <200> but was <404>.

	at java.base/jdk.internal.reflect.DirectConstructorHandleAccessor.newInstance(DirectConstructorHandleAccessor.java:62)
	at java.base/java.lang.reflect.Constructor.newInstanceWithCaller(Constructor.java:502)
	at java.base/java.lang.reflect.Constructor.newInstance(Constructor.java:486)
	at org.codehaus.groovy.reflection.CachedConstructor.invoke(CachedConstructor.java:73)
	at org.codehaus.groovy.runtime.callsite.ConstructorSite$ConstructorSiteNoUnwrapNoCoerce.callConstructor(ConstructorSite.java:108)
	at org.codehaus.groovy.runtime.callsite.AbstractCallSite.callConstructor(AbstractCallSite.java:277)
	at io.restassured.internal.ResponseSpecificationImpl$HamcrestAssertionClosure.validate(ResponseSpecificationImpl.groovy:512)
	at io.restassured.internal.ResponseSpecificationImpl$HamcrestAssertionClosure$validate$1.call(Unknown Source)
	at io.restassured.internal.ResponseSpecificationImpl.validateResponseIfRequired(ResponseSpecificationImpl.groovy:696)
	at io.restassured.internal.ResponseSpecificationImpl.this$2$validateResponseIfRequired(ResponseSpecificationImpl.groovy)
	at java.base/jdk.internal.reflect.DirectMethodHandleAccessor.invoke(DirectMethodHandleAccessor.java:103)
	at java.base/java.lang.reflect.Method.invoke(Method.java:580)
	at org.codehaus.groovy.runtime.callsite.PlainObjectMetaMethodSite.doInvoke(PlainObjectMetaMethodSite.java:43)
	at org.codehaus.groovy.runtime.callsite.PogoMetaMethodSite$PogoCachedMethodSiteNoUnwrapNoCoerce.invoke(PogoMetaMethodSite.java:198)
	at org.codehaus.groovy.runtime.callsite.PogoMetaMethodSite.callCurrent(PogoMetaMethodSite.java:62)
	at org.codehaus.groovy.runtime.callsite.AbstractCallSite.callCurrent(AbstractCallSite.java:185)
	at io.restassured.internal.ResponseSpecificationImpl.statusCode(ResponseSpecificationImpl.groovy:135)
	at io.restassured.specification.ResponseSpecification$statusCode$0.callCurrent(Unknown Source)
	at io.restassured.internal.ResponseSpecificationImpl.statusCode(ResponseSpecificationImpl.groovy:143)
	at io.restassured.internal.ValidatableResponseOptionsImpl.statusCode(ValidatableResponseOptionsImpl.java:89)
	at com.mycompany.api.UserApiPutTests.testPutExistingUserJob(UserApiPutTests.java:26)
	at java.base/jdk.internal.reflect.DirectMethodHandleAccessor.invoke(DirectMethodHandleAccessor.java:103)
	at java.base/java.lang.reflect.Method.invoke(Method.java:580)
	at org.junit.platform.commons.util.ReflectionUtils.invokeMethod(ReflectionUtils.java:727)
	at org.junit.jupiter.engine.execution.MethodInvocation.proceed(MethodInvocation.java:60)
	at org.junit.jupiter.engine.execution.InvocationInterceptorChain$ValidatingInvocation.proceed(InvocationInterceptorChain.java:131)
	at org.junit.jupiter.engine.extension.TimeoutExtension.intercept(TimeoutExtension.java:156)
	at org.junit.jupiter.engine.extension.TimeoutExtension.interceptTestableMethod(TimeoutExtension.java:147)
	at org.junit.jupiter.engine.extension.TimeoutExtension.interceptTestMethod(TimeoutExtension.java:86)
	at org.junit.jupiter.engine.execution.InterceptingExecutableInvoker$ReflectiveInterceptorCall.lambda$ofVoidMethod$0(InterceptingExecutableInvoker.java:103)
	at org.junit.jupiter.engine.execution.InterceptingExecutableInvoker.lambda$invoke$0(InterceptingExecutableInvoker.java:93)
	at org.junit.jupiter.engine.execution.InvocationInterceptorChain$InterceptedInvocation.proceed(InvocationInterceptorChain.java:106)
	at org.junit.jupiter.engine.execution.InvocationInterceptorChain.proceed(InvocationInterceptorChain.java:64)
	at org.junit.jupiter.engine.execution.InvocationInterceptorChain.chainAndInvoke(InvocationInterceptorChain.java:45)
	at org.junit.jupiter.engine.execution.InvocationInterceptorChain.invoke(InvocationInterceptorChain.java:37)
	at org.junit.jupiter.engine.execution.InterceptingExecutableInvoker.invoke(InterceptingExecutableInvoker.java:92)
	at org.junit.jupiter.engine.execution.InterceptingExecutableInvoker.invoke(InterceptingExecutableInvoker.java:86)
	at org.junit.jupiter.engine.descriptor.TestMethodTestDescriptor.lambda$invokeTestMethod$7(TestMethodTestDescriptor.java:217)
	at org.junit.platform.engine.support.hierarchical.ThrowableCollector.execute(ThrowableCollector.java:73)
	at org.junit.jupiter.engine.descriptor.TestMethodTestDescriptor.invokeTestMethod(TestMethodTestDescriptor.java:213)
	at org.junit.jupiter.engine.descriptor.TestMethodTestDescriptor.execute(TestMethodTestDescriptor.java:138)
	at org.junit.jupiter.engine.descriptor.TestMethodTestDescriptor.execute(TestMethodTestDescriptor.java:68)
	at org.junit.platform.engine.support.hierarchical.NodeTestTask.lambda$executeRecursively$6(NodeTestTask.java:151)
	at org.junit.platform.engine.support.hierarchical.ThrowableCollector.execute(ThrowableCollector.java:73)
	at org.junit.platform.engine.support.hierarchical.NodeTestTask.lambda$executeRecursively$8(NodeTestTask.java:141)
	at org.junit.platform.engine.support.hierarchical.Node.around(Node.java:137)
	at org.junit.platform.engine.support.hierarchical.NodeTestTask.lambda$executeRecursively$9(NodeTestTask.java:139)
	at org.junit.platform.engine.support.hierarchical.ThrowableCollector.execute(ThrowableCollector.java:73)
	at org.junit.platform.engine.support.hierarchical.NodeTestTask.executeRecursively(NodeTestTask.java:138)
	at org.junit.platform.engine.support.hierarchical.NodeTestTask.execute(NodeTestTask.java:95)
	at java.base/java.util.ArrayList.forEach(ArrayList.java:1596)
	at org.junit.platform.engine.support.hierarchical.SameThreadHierarchicalTestExecutorService.invokeAll(SameThreadHierarchicalTestExecutorService.java:41)
	at org.junit.platform.engine.support.hierarchical.NodeTestTask.lambda$executeRecursively$6(NodeTestTask.java:155)
	at org.junit.platform.engine.support.hierarchical.ThrowableCollector.execute(ThrowableCollector.java:73)
	at org.junit.platform.engine.support.hierarchical.NodeTestTask.lambda$executeRecursively$8(NodeTestTask.java:141)
	at org.junit.platform.engine.support.hierarchical.Node.around(Node.java:137)
	at org.junit.platform.engine.support.hierarchical.NodeTestTask.lambda$executeRecursively$9(NodeTestTask.java:139)
	at org.junit.platform.engine.support.hierarchical.ThrowableCollector.execute(ThrowableCollector.java:73)
	at org.junit.platform.engine.support.hierarchical.NodeTestTask.executeRecursively(NodeTestTask.java:138)
	at org.junit.platform.engine.support.hierarchical.NodeTestTask.execute(NodeTestTask.java:95)
	at java.base/java.util.ArrayList.forEach(ArrayList.java:1596)
	at org.junit.platform.engine.support.hierarchical.SameThreadHierarchicalTestExecutorService.invokeAll(SameThreadHierarchicalTestExecutorService.java:41)
	at org.junit.platform.engine.support.hierarchical.NodeTestTask.lambda$executeRecursively$6(NodeTestTask.java:155)
	at org.junit.platform.engine.support.hierarchical.ThrowableCollector.execute(ThrowableCollector.java:73)
	at org.junit.platform.engine.support.hierarchical.NodeTestTask.lambda$executeRecursively$8(NodeTestTask.java:141)
	at org.junit.platform.engine.support.hierarchical.Node.around(Node.java:137)
	at org.junit.platform.engine.support.hierarchical.NodeTestTask.lambda$executeRecursively$9(NodeTestTask.java:139)
	at org.junit.platform.engine.support.hierarchical.ThrowableCollector.execute(ThrowableCollector.java:73)
	at org.junit.platform.engine.support.hierarchical.NodeTestTask.executeRecursively(NodeTestTask.java:138)
	at org.junit.platform.engine.support.hierarchical.NodeTestTask.execute(NodeTestTask.java:95)
	at org.junit.platform.engine.support.hierarchical.SameThreadHierarchicalTestExecutorService.submit(SameThreadHierarchicalTestExecutorService.java:35)
	at org.junit.platform.engine.support.hierarchical.HierarchicalTestExecutor.execute(HierarchicalTestExecutor.java:57)
	at org.junit.platform.engine.support.hierarchical.HierarchicalTestEngine.execute(HierarchicalTestEngine.java:54)
	at org.junit.platform.launcher.core.EngineExecutionOrchestrator.execute(EngineExecutionOrchestrator.java:147)
	at org.junit.platform.launcher.core.EngineExecutionOrchestrator.execute(EngineExecutionOrchestrator.java:127)
	at org.junit.platform.launcher.core.EngineExecutionOrchestrator.execute(EngineExecutionOrchestrator.java:90)
	at org.junit.platform.launcher.core.EngineExecutionOrchestrator.lambda$execute$0(EngineExecutionOrchestrator.java:55)
	at org.junit.platform.launcher.core.EngineExecutionOrchestrator.withInterceptedStreams(EngineExecutionOrchestrator.java:102)
	at org.junit.platform.launcher.core.EngineExecutionOrchestrator.execute(EngineExecutionOrchestrator.java:54)
	at org.junit.platform.launcher.core.DefaultLauncher.execute(DefaultLauncher.java:114)
	at org.junit.platform.launcher.core.DefaultLauncher.execute(DefaultLauncher.java:86)
	at org.junit.platform.launcher.core.DefaultLauncherSession$DelegatingLauncher.execute(DefaultLauncherSession.java:86)
	at org.apache.maven.surefire.junitplatform.LazyLauncher.execute(LazyLauncher.java:55)
	at org.apache.maven.surefire.junitplatform.JUnitPlatformProvider.execute(JUnitPlatformProvider.java:223)
	at org.apache.maven.surefire.junitplatform.JUnitPlatformProvider.invokeAllTests(JUnitPlatformProvider.java:175)
	at org.apache.maven.surefire.junitplatform.JUnitPlatformProvider.invoke(JUnitPlatformProvider.java:139)
	at org.apache.maven.surefire.booter.ForkedBooter.runSuitesInProcess(ForkedBooter.java:456)
	at org.apache.maven.surefire.booter.ForkedBooter.execute(ForkedBooter.java:169)
	at org.apache.maven.surefire.booter.ForkedBooter.run(ForkedBooter.java:595)
	at org.apache.maven.surefire.booter.ForkedBooter.main(ForkedBooter.java:581)
]]></failure>
    <system-out><![CDATA[Request method:	PUT
Request URI:	https://reqres.in/users/2
Proxy:			<none>
Request params:	<none>
Query params:	<none>
Form params:	<none>
Path params:	id=2
Headers:		Accept=*/*
				Content-Type=application/json
Cookies:		<none>
Multiparts:		<none>
Body:
{
    "job": "zion resident"
}
Request method:	PUT
Request URI:	https://reqres.in/users/2
Proxy:			<none>
Request params:	<none>
Query params:	<none>
Form params:	<none>
Path params:	id=2
Headers:		Accept=*/*
				Content-Type=application/json
Cookies:		<none>
Multiparts:		<none>
Body:
{
    "job": "zion resident"
}
Request method:	PUT
Request URI:	https://reqres.in/users/2
Proxy:			<none>
Request params:	<none>
Query params:	<none>
Form params:	<none>
Path params:	id=2
Headers:		Accept=*/*
				Content-Type=application/json
Cookies:		<none>
Multiparts:		<none>
Body:
{
    "job": "zion resident"
}
Request method:	PUT
Request URI:	https://reqres.in/users/2
Proxy:			<none>
Request params:	<none>
Query params:	<none>
Form params:	<none>
Path params:	id=2
Headers:		Accept=*/*
				Content-Type=application/json
Cookies:		<none>
Multiparts:		<none>
Body:
{
    "job": "zion resident"
}
HTTP/1.1 404 Not Found
Date: Sun, 31 Aug 2025 05:56:45 GMT
Content-Type: text/html; charset=utf-8
Transfer-Encoding: chunked
Connection: keep-alive
Access-Control-Allow-Credentials: true
Access-Control-Allow-Headers: Origin, X-Requested-With, Content-Type, Accept, Authorization, x-api-key
Access-Control-Allow-Methods: GET, POST, PUT, DELETE, OPTIONS
Access-Control-Allow-Origin: http://localhost:5173
Nel: {"report_to":"heroku-nel","response_headers":["Via"],"max_age":3600,"success_fraction":0.01,"failure_fraction":0.1}
Referrer-Policy: strict-origin-when-cross-origin
Report-To: {"group":"heroku-nel","endpoints":[{"url":"https://nel.heroku.com/reports?s=vcxwSe7KHv6dg0nX1taNppnQlscrvtm5%2BhGLzqEY2Fs%3D\u0026sid=c4c9725f-1ab0-44d8-820f-430df2718e11\u0026ts=1756619805"}],"max_age":3600}
Reporting-Endpoints: heroku-nel="https://nel.heroku.com/reports?s=vcxwSe7KHv6dg0nX1taNppnQlscrvtm5%2BhGLzqEY2Fs%3D&sid=c4c9725f-1ab0-44d8-820f-430df2718e11&ts=1756619805"
Server: cloudflare
Vary: Origin
Via: 1.1 heroku-router
X-Content-Type-Options: nosniff
X-Frame-Options: DENY
X-Request-Id: 81aaf7dd-135d-d2fd-8049-e56bd69d38d3
X-Xss-Protection: 1; mode=block
cf-cache-status: DYNAMIC
Content-Encoding: gzip
CF-RAY: 977a49581976f171-GRU

<html lang="en">
  <head>
    <script>
            ;(function (w, d, s, l, i) {
                w[l] = w[l] || []
                w[l].push({
                    'gtm.start': new Date().getTime(),
                    event: 'gtm.js',
                })
                var f = d.getElementsByTagName(s)[0],
                    j = d.createElement(s),
                    dl = l != 'dataLayer' ? '&amp;l=' + l : ''
                j.async = true
                j.src = 'https://www.googletagmanager.com/gtm.js?id=' + i + dl
                f.parentNode.insertBefore(j, f)
            })(window, document, 'script', 'dataLayer', 'GTM-KB622KF')
        </script>
    <script src="https://js.stripe.com/v3/"/>
    <meta charset="utf-8"/>
    <meta name="viewport" content="width=device-width, initial-scale=1.0, maximum-scale=1.0"/>
    <meta name="description" content="A hosted REST-API ready to respond to your AJAX requests"/>
    <title>
            Reqres - A hosted REST-API ready to respond to your AJAX requests
        </title>
    <link href="//maxcdn.bootstrapcdn.com/font-awesome/4.2.0/css/font-awesome.min.css" rel="stylesheet"/>
    <link rel="icon" type="image/png" href="/img/logo-dark.jpg" alt="ReqRes Logo"/>
    <link rel="canonical" href="https://reqres.in/"/>
    <meta property="og:title" content=""/>
    <meta property="og:description" content=""/>
    <meta property="og:image" content="/img/logo-dark.jpg"/>
    <meta property="og:url" content="https://reqres.in/"/>
    <meta property="og:type" content="website"/>
    <meta name="twitter:card" content="summary_large_image"/>
    <meta name="twitter:title" content=""/>
    <meta name="twitter:description" content=""/>
    <meta name="twitter:image" content="/img/logo-dark.jpg"/>
    <meta name="theme-color" content="#4f46e5"/>
    <link rel="stylesheet" href="/css/app.css"/>
  </head>
  <body>
    <div class="header-content">
      <header class="main-header">
        <section class="wrap">
          <div class="header-top">
            <h1 class="logo">
              <a shape="rect" href="/">
                <img src="/img/logo.png" alt=""/>
              </a>
            </h1>
            <button type="submit" class="mobile-menu-toggle" onclick="toggleMobileMenu()">
              <span/>
              <span/>
              <span/>
            </button>
          </div>
          <h2 class="tagline">
                        Build your front-end against a real API
                    </h2>
          <nav class="header-nav">
            <a shape="rect" class="dashboard-link" href="https://app.reqres.in">
                            🚀 Dashboard
                        </a>
            <a shape="rect" class="signup-link" href="/signup">
                            Get Free API Key
                        </a>
            <a shape="rect" class="upgrade-link" href="https://app.reqres.in/upgrade">
                            Upgrade to Pro
                        </a>
            <a shape="rect" class="docs-link" href="/api-docs"> API Docs </a>
          </nav>
        </section>
      </header>
    </div>
    <div>404</div>
    <footer>
      <div class="wrap">
        <hr class="dark"/>
        <p class="t-center">

                    Made for developers and designers by
                              <a shape="rect" href="https://benhowdle.im">Ben Howdle</a>
        </p>
      </div>
    </footer>
    <script type="text/javascript" src="https://cdnjs.cloudflare.com/ajax/libs/fastclick/1.0.3/fastclick.min.js"/>
    <script src="/js/app.js"/>
    <script async="async" src="https://www.googletagmanager.com/gtag/js?id=UA-174008107-1"/>
    <script>
            window.dataLayer = window.dataLayer || []
            function gtag() {
                dataLayer.push(arguments)
            }
            gtag('js', new Date())

            gtag('config', 'UA-174008107-1')
        </script>
    <script>
            ;(function (i, s, o, g, r, a, m) {
                i['GoogleAnalyticsObject'] = r
                ;(i[r] =
                    i[r] ||
                    function () {
                        ;(i[r].q = i[r].q || []).push(arguments)
                    }),
                    (i[r].l = 1 * new Date())
                ;(a = s.createElement(o)), (m = s.getElementsByTagName(o)[0])
                a.async = 1
                a.src = g
                m.parentNode.insertBefore(a, m)
            })(
                window,
                document,
                'script',
                '//www.google-analytics.com/analytics.js',
                'ga'
            )

            ga('create', 'UA-55888877-1', 'auto')
            ga('send', 'pageview')
        </script>
  </body>
</html>
HTTP/1.1 404 Not Found
Date: Sun, 31 Aug 2025 05:56:45 GMT
Content-Type: text/html; charset=utf-8
Transfer-Encoding: chunked
Connection: keep-alive
Access-Control-Allow-Credentials: true
Access-Control-Allow-Headers: Origin, X-Requested-With, Content-Type, Accept, Authorization, x-api-key
Access-Control-Allow-Methods: GET, POST, PUT, DELETE, OPTIONS
Access-Control-Allow-Origin: http://localhost:5173
Nel: {"report_to":"heroku-nel","response_headers":["Via"],"max_age":3600,"success_fraction":0.01,"failure_fraction":0.1}
Referrer-Policy: strict-origin-when-cross-origin
Report-To: {"group":"heroku-nel","endpoints":[{"url":"https://nel.heroku.com/reports?s=vcxwSe7KHv6dg0nX1taNppnQlscrvtm5%2BhGLzqEY2Fs%3D\u0026sid=c4c9725f-1ab0-44d8-820f-430df2718e11\u0026ts=1756619805"}],"max_age":3600}
Reporting-Endpoints: heroku-nel="https://nel.heroku.com/reports?s=vcxwSe7KHv6dg0nX1taNppnQlscrvtm5%2BhGLzqEY2Fs%3D&sid=c4c9725f-1ab0-44d8-820f-430df2718e11&ts=1756619805"
Server: cloudflare
Vary: Origin
Via: 1.1 heroku-router
X-Content-Type-Options: nosniff
X-Frame-Options: DENY
X-Request-Id: 81aaf7dd-135d-d2fd-8049-e56bd69d38d3
X-Xss-Protection: 1; mode=block
cf-cache-status: DYNAMIC
Content-Encoding: gzip
CF-RAY: 977a49581976f171-GRU

<html lang="en">
  <head>
    <script>
            ;(function (w, d, s, l, i) {
                w[l] = w[l] || []
                w[l].push({
                    'gtm.start': new Date().getTime(),
                    event: 'gtm.js',
                })
                var f = d.getElementsByTagName(s)[0],
                    j = d.createElement(s),
                    dl = l != 'dataLayer' ? '&amp;l=' + l : ''
                j.async = true
                j.src = 'https://www.googletagmanager.com/gtm.js?id=' + i + dl
                f.parentNode.insertBefore(j, f)
            })(window, document, 'script', 'dataLayer', 'GTM-KB622KF')
        </script>
    <script src="https://js.stripe.com/v3/"/>
    <meta charset="utf-8"/>
    <meta name="viewport" content="width=device-width, initial-scale=1.0, maximum-scale=1.0"/>
    <meta name="description" content="A hosted REST-API ready to respond to your AJAX requests"/>
    <title>
            Reqres - A hosted REST-API ready to respond to your AJAX requests
        </title>
    <link href="//maxcdn.bootstrapcdn.com/font-awesome/4.2.0/css/font-awesome.min.css" rel="stylesheet"/>
    <link rel="icon" type="image/png" href="/img/logo-dark.jpg" alt="ReqRes Logo"/>
    <link rel="canonical" href="https://reqres.in/"/>
    <meta property="og:title" content=""/>
    <meta property="og:description" content=""/>
    <meta property="og:image" content="/img/logo-dark.jpg"/>
    <meta property="og:url" content="https://reqres.in/"/>
    <meta property="og:type" content="website"/>
    <meta name="twitter:card" content="summary_large_image"/>
    <meta name="twitter:title" content=""/>
    <meta name="twitter:description" content=""/>
    <meta name="twitter:image" content="/img/logo-dark.jpg"/>
    <meta name="theme-color" content="#4f46e5"/>
    <link rel="stylesheet" href="/css/app.css"/>
  </head>
  <body>
    <div class="header-content">
      <header class="main-header">
        <section class="wrap">
          <div class="header-top">
            <h1 class="logo">
              <a shape="rect" href="/">
                <img src="/img/logo.png" alt=""/>
              </a>
            </h1>
            <button type="submit" class="mobile-menu-toggle" onclick="toggleMobileMenu()">
              <span/>
              <span/>
              <span/>
            </button>
          </div>
          <h2 class="tagline">
                        Build your front-end against a real API
                    </h2>
          <nav class="header-nav">
            <a shape="rect" class="dashboard-link" href="https://app.reqres.in">
                            🚀 Dashboard
                        </a>
            <a shape="rect" class="signup-link" href="/signup">
                            Get Free API Key
                        </a>
            <a shape="rect" class="upgrade-link" href="https://app.reqres.in/upgrade">
                            Upgrade to Pro
                        </a>
            <a shape="rect" class="docs-link" href="/api-docs"> API Docs </a>
          </nav>
        </section>
      </header>
    </div>
    <div>404</div>
    <footer>
      <div class="wrap">
        <hr class="dark"/>
        <p class="t-center">

                    Made for developers and designers by
                              <a shape="rect" href="https://benhowdle.im">Ben Howdle</a>
        </p>
      </div>
    </footer>
    <script type="text/javascript" src="https://cdnjs.cloudflare.com/ajax/libs/fastclick/1.0.3/fastclick.min.js"/>
    <script src="/js/app.js"/>
    <script async="async" src="https://www.googletagmanager.com/gtag/js?id=UA-174008107-1"/>
    <script>
            window.dataLayer = window.dataLayer || []
            function gtag() {
                dataLayer.push(arguments)
            }
            gtag('js', new Date())

            gtag('config', 'UA-174008107-1')
        </script>
    <script>
            ;(function (i, s, o, g, r, a, m) {
                i['GoogleAnalyticsObject'] = r
                ;(i[r] =
                    i[r] ||
                    function () {
                        ;(i[r].q = i[r].q || []).push(arguments)
                    }),
                    (i[r].l = 1 * new Date())
                ;(a = s.createElement(o)), (m = s.getElementsByTagName(o)[0])
                a.async = 1
                a.src = g
                m.parentNode.insertBefore(a, m)
            })(
                window,
                document,
                'script',
                '//www.google-analytics.com/analytics.js',
                'ga'
            )

            ga('create', 'UA-55888877-1', 'auto')
            ga('send', 'pageview')
        </script>
  </body>
</html>
HTTP/1.1 404 Not Found
Date: Sun, 31 Aug 2025 05:56:45 GMT
Content-Type: text/html; charset=utf-8
Transfer-Encoding: chunked
Connection: keep-alive
Access-Control-Allow-Credentials: true
Access-Control-Allow-Headers: Origin, X-Requested-With, Content-Type, Accept, Authorization, x-api-key
Access-Control-Allow-Methods: GET, POST, PUT, DELETE, OPTIONS
Access-Control-Allow-Origin: http://localhost:5173
Nel: {"report_to":"heroku-nel","response_headers":["Via"],"max_age":3600,"success_fraction":0.01,"failure_fraction":0.1}
Referrer-Policy: strict-origin-when-cross-origin
Report-To: {"group":"heroku-nel","endpoints":[{"url":"https://nel.heroku.com/reports?s=vcxwSe7KHv6dg0nX1taNppnQlscrvtm5%2BhGLzqEY2Fs%3D\u0026sid=c4c9725f-1ab0-44d8-820f-430df2718e11\u0026ts=1756619805"}],"max_age":3600}
Reporting-Endpoints: heroku-nel="https://nel.heroku.com/reports?s=vcxwSe7KHv6dg0nX1taNppnQlscrvtm5%2BhGLzqEY2Fs%3D&sid=c4c9725f-1ab0-44d8-820f-430df2718e11&ts=1756619805"
Server: cloudflare
Vary: Origin
Via: 1.1 heroku-router
X-Content-Type-Options: nosniff
X-Frame-Options: DENY
X-Request-Id: 81aaf7dd-135d-d2fd-8049-e56bd69d38d3
X-Xss-Protection: 1; mode=block
cf-cache-status: DYNAMIC
Content-Encoding: gzip
CF-RAY: 977a49581976f171-GRU

<html lang="en">
  <head>
    <script>
            ;(function (w, d, s, l, i) {
                w[l] = w[l] || []
                w[l].push({
                    'gtm.start': new Date().getTime(),
                    event: 'gtm.js',
                })
                var f = d.getElementsByTagName(s)[0],
                    j = d.createElement(s),
                    dl = l != 'dataLayer' ? '&amp;l=' + l : ''
                j.async = true
                j.src = 'https://www.googletagmanager.com/gtm.js?id=' + i + dl
                f.parentNode.insertBefore(j, f)
            })(window, document, 'script', 'dataLayer', 'GTM-KB622KF')
        </script>
    <script src="https://js.stripe.com/v3/"/>
    <meta charset="utf-8"/>
    <meta name="viewport" content="width=device-width, initial-scale=1.0, maximum-scale=1.0"/>
    <meta name="description" content="A hosted REST-API ready to respond to your AJAX requests"/>
    <title>
            Reqres - A hosted REST-API ready to respond to your AJAX requests
        </title>
    <link href="//maxcdn.bootstrapcdn.com/font-awesome/4.2.0/css/font-awesome.min.css" rel="stylesheet"/>
    <link rel="icon" type="image/png" href="/img/logo-dark.jpg" alt="ReqRes Logo"/>
    <link rel="canonical" href="https://reqres.in/"/>
    <meta property="og:title" content=""/>
    <meta property="og:description" content=""/>
    <meta property="og:image" content="/img/logo-dark.jpg"/>
    <meta property="og:url" content="https://reqres.in/"/>
    <meta property="og:type" content="website"/>
    <meta name="twitter:card" content="summary_large_image"/>
    <meta name="twitter:title" content=""/>
    <meta name="twitter:description" content=""/>
    <meta name="twitter:image" content="/img/logo-dark.jpg"/>
    <meta name="theme-color" content="#4f46e5"/>
    <link rel="stylesheet" href="/css/app.css"/>
  </head>
  <body>
    <div class="header-content">
      <header class="main-header">
        <section class="wrap">
          <div class="header-top">
            <h1 class="logo">
              <a shape="rect" href="/">
                <img src="/img/logo.png" alt=""/>
              </a>
            </h1>
            <button type="submit" class="mobile-menu-toggle" onclick="toggleMobileMenu()">
              <span/>
              <span/>
              <span/>
            </button>
          </div>
          <h2 class="tagline">
                        Build your front-end against a real API
                    </h2>
          <nav class="header-nav">
            <a shape="rect" class="dashboard-link" href="https://app.reqres.in">
                            🚀 Dashboard
                        </a>
            <a shape="rect" class="signup-link" href="/signup">
                            Get Free API Key
                        </a>
            <a shape="rect" class="upgrade-link" href="https://app.reqres.in/upgrade">
                            Upgrade to Pro
                        </a>
            <a shape="rect" class="docs-link" href="/api-docs"> API Docs </a>
          </nav>
        </section>
      </header>
    </div>
    <div>404</div>
    <footer>
      <div class="wrap">
        <hr class="dark"/>
        <p class="t-center">

                    Made for developers and designers by
                              <a shape="rect" href="https://benhowdle.im">Ben Howdle</a>
        </p>
      </div>
    </footer>
    <script type="text/javascript" src="https://cdnjs.cloudflare.com/ajax/libs/fastclick/1.0.3/fastclick.min.js"/>
    <script src="/js/app.js"/>
    <script async="async" src="https://www.googletagmanager.com/gtag/js?id=UA-174008107-1"/>
    <script>
            window.dataLayer = window.dataLayer || []
            function gtag() {
                dataLayer.push(arguments)
            }
            gtag('js', new Date())

            gtag('config', 'UA-174008107-1')
        </script>
    <script>
            ;(function (i, s, o, g, r, a, m) {
                i['GoogleAnalyticsObject'] = r
                ;(i[r] =
                    i[r] ||
                    function () {
                        ;(i[r].q = i[r].q || []).push(arguments)
                    }),
                    (i[r].l = 1 * new Date())
                ;(a = s.createElement(o)), (m = s.getElementsByTagName(o)[0])
                a.async = 1
                a.src = g
                m.parentNode.insertBefore(a, m)
            })(
                window,
                document,
                'script',
                '//www.google-analytics.com/analytics.js',
                'ga'
            )

            ga('create', 'UA-55888877-1', 'auto')
            ga('send', 'pageview')
        </script>
  </body>
</html>
HTTP/1.1 404 Not Found
Date: Sun, 31 Aug 2025 05:56:45 GMT
Content-Type: text/html; charset=utf-8
Transfer-Encoding: chunked
Connection: keep-alive
Access-Control-Allow-Credentials: true
Access-Control-Allow-Headers: Origin, X-Requested-With, Content-Type, Accept, Authorization, x-api-key
Access-Control-Allow-Methods: GET, POST, PUT, DELETE, OPTIONS
Access-Control-Allow-Origin: http://localhost:5173
Nel: {"report_to":"heroku-nel","response_headers":["Via"],"max_age":3600,"success_fraction":0.01,"failure_fraction":0.1}
Referrer-Policy: strict-origin-when-cross-origin
Report-To: {"group":"heroku-nel","endpoints":[{"url":"https://nel.heroku.com/reports?s=vcxwSe7KHv6dg0nX1taNppnQlscrvtm5%2BhGLzqEY2Fs%3D\u0026sid=c4c9725f-1ab0-44d8-820f-430df2718e11\u0026ts=1756619805"}],"max_age":3600}
Reporting-Endpoints: heroku-nel="https://nel.heroku.com/reports?s=vcxwSe7KHv6dg0nX1taNppnQlscrvtm5%2BhGLzqEY2Fs%3D&sid=c4c9725f-1ab0-44d8-820f-430df2718e11&ts=1756619805"
Server: cloudflare
Vary: Origin
Via: 1.1 heroku-router
X-Content-Type-Options: nosniff
X-Frame-Options: DENY
X-Request-Id: 81aaf7dd-135d-d2fd-8049-e56bd69d38d3
X-Xss-Protection: 1; mode=block
cf-cache-status: DYNAMIC
Content-Encoding: gzip
CF-RAY: 977a49581976f171-GRU

<html lang="en">
  <head>
    <script>
            ;(function (w, d, s, l, i) {
                w[l] = w[l] || []
                w[l].push({
                    'gtm.start': new Date().getTime(),
                    event: 'gtm.js',
                })
                var f = d.getElementsByTagName(s)[0],
                    j = d.createElement(s),
                    dl = l != 'dataLayer' ? '&amp;l=' + l : ''
                j.async = true
                j.src = 'https://www.googletagmanager.com/gtm.js?id=' + i + dl
                f.parentNode.insertBefore(j, f)
            })(window, document, 'script', 'dataLayer', 'GTM-KB622KF')
        </script>
    <script src="https://js.stripe.com/v3/"/>
    <meta charset="utf-8"/>
    <meta name="viewport" content="width=device-width, initial-scale=1.0, maximum-scale=1.0"/>
    <meta name="description" content="A hosted REST-API ready to respond to your AJAX requests"/>
    <title>
            Reqres - A hosted REST-API ready to respond to your AJAX requests
        </title>
    <link href="//maxcdn.bootstrapcdn.com/font-awesome/4.2.0/css/font-awesome.min.css" rel="stylesheet"/>
    <link rel="icon" type="image/png" href="/img/logo-dark.jpg" alt="ReqRes Logo"/>
    <link rel="canonical" href="https://reqres.in/"/>
    <meta property="og:title" content=""/>
    <meta property="og:description" content=""/>
    <meta property="og:image" content="/img/logo-dark.jpg"/>
    <meta property="og:url" content="https://reqres.in/"/>
    <meta property="og:type" content="website"/>
    <meta name="twitter:card" content="summary_large_image"/>
    <meta name="twitter:title" content=""/>
    <meta name="twitter:description" content=""/>
    <meta name="twitter:image" content="/img/logo-dark.jpg"/>
    <meta name="theme-color" content="#4f46e5"/>
    <link rel="stylesheet" href="/css/app.css"/>
  </head>
  <body>
    <div class="header-content">
      <header class="main-header">
        <section class="wrap">
          <div class="header-top">
            <h1 class="logo">
              <a shape="rect" href="/">
                <img src="/img/logo.png" alt=""/>
              </a>
            </h1>
            <button type="submit" class="mobile-menu-toggle" onclick="toggleMobileMenu()">
              <span/>
              <span/>
              <span/>
            </button>
          </div>
          <h2 class="tagline">
                        Build your front-end against a real API
                    </h2>
          <nav class="header-nav">
            <a shape="rect" class="dashboard-link" href="https://app.reqres.in">
                            🚀 Dashboard
                        </a>
            <a shape="rect" class="signup-link" href="/signup">
                            Get Free API Key
                        </a>
            <a shape="rect" class="upgrade-link" href="https://app.reqres.in/upgrade">
                            Upgrade to Pro
                        </a>
            <a shape="rect" class="docs-link" href="/api-docs"> API Docs </a>
          </nav>
        </section>
      </header>
    </div>
    <div>404</div>
    <footer>
      <div class="wrap">
        <hr class="dark"/>
        <p class="t-center">

                    Made for developers and designers by
                              <a shape="rect" href="https://benhowdle.im">Ben Howdle</a>
        </p>
      </div>
    </footer>
    <script type="text/javascript" src="https://cdnjs.cloudflare.com/ajax/libs/fastclick/1.0.3/fastclick.min.js"/>
    <script src="/js/app.js"/>
    <script async="async" src="https://www.googletagmanager.com/gtag/js?id=UA-174008107-1"/>
    <script>
            window.dataLayer = window.dataLayer || []
            function gtag() {
                dataLayer.push(arguments)
            }
            gtag('js', new Date())

            gtag('config', 'UA-174008107-1')
        </script>
    <script>
            ;(function (i, s, o, g, r, a, m) {
                i['GoogleAnalyticsObject'] = r
                ;(i[r] =
                    i[r] ||
                    function () {
                        ;(i[r].q = i[r].q || []).push(arguments)
                    }),
                    (i[r].l = 1 * new Date())
                ;(a = s.createElement(o)), (m = s.getElementsByTagName(o)[0])
                a.async = 1
                a.src = g
                m.parentNode.insertBefore(a, m)
            })(
                window,
                document,
                'script',
                '//www.google-analytics.com/analytics.js',
                'ga'
            )

            ga('create', 'UA-55888877-1', 'auto')
            ga('send', 'pageview')
        </script>
  </body>
</html>
]]></system-out>
  </testcase>
</testsuite>